<testsuites id="" name="" tests="14" failures="0" skipped="0" errors="0" time="7.305083000000001">
<testsuite name="bhg.spec.js" timestamp="2026-09-10T18:17:47.868Z" hostname="chromium" tests="14" failures="0" skipped="0" time="23.941" errors="0">
<testcase name="loads the home page" classname="bhg.spec.js" time="1.461">
</testcase>
<testcase name="shows the main header navigation" classname="bhg.spec.js" time="1.501">
</testcase>
<testcase name="shows the utility navigation" classname="bhg.spec.js" time="1.42">
</testcase>
<testcase name="hovers the first header item" classname="bhg.spec.js" time="1.627">
</testcase>
<testcase name="opens decor styles" classname="bhg.spec.js" time="1.637">
</testcase>
<testcase name="keeps bhg on the same domain" classname="bhg.spec.js" time="1.05">
</testcase>
<testcase name="opens the newsletter dialog" classname="bhg.spec.js" time="1.474">
</testcase>
<testcase name="submits a second newsletter choice" classname="bhg.spec.js" time="3.076">
<system-out>
<![CDATA[locator('//div[@id="mntl-newsletter_1-0"]/div/p')
]]>
</system-out>
</testcase>
<testcase name="submits two newsletter choices" classname="bhg.spec.js" time="2.264">
<system-out>
<![CDATA[locator('//div[@id="mntl-newsletter_1-0"]/div/p')
]]>
</system-out>
</testcase>
<testcase name="submits a gardening newsletter choice" classname="bhg.spec.js" time="2.693">
<system-out>
<![CDATA[locator('//div[@id="mntl-newsletter_1-0"]/div/p')
]]>
</system-out>
</testcase>
<testcase name="opens home page again after navigation" classname="bhg.spec.js" time="1.869">
</testcase>
<testcase name="checks bhg url" classname="bhg.spec.js" time="1.215">
</testcase>
<testcase name="verifies the newsletter link exists" classname="bhg.spec.js" time="1.164">
</testcase>
<testcase name="shows newsletter options through the helper" classname="bhg.spec.js" time="1.49">
</testcase>
</testsuite>
</testsuites>